<?xml version="1.0" encoding="UTF-8"?>
<!-- Generated by org.testng.reporters.JUnitReportReporter -->
<testsuite hostname="DESKTOP-HN0JOUI" failures="0" tests="3" name="com.qa.FacebookLoginValidation.LoginWithMultipleSetOfData" time="140.923" errors="0" timestamp="2022-09-17T09:30:47 IST" skipped="0">
  <testcase classname="com.qa.FacebookLoginValidation.LoginWithMultipleSetOfData" name="verifyLoginCredentials" time="22.012"/>
  <system-out/>
  <testcase classname="com.qa.FacebookLoginValidation.LoginWithMultipleSetOfData" name="verifyLoginCredentials" time="41.632"/>
  <system-out/>
  <testcase classname="com.qa.FacebookLoginValidation.LoginWithMultipleSetOfData" name="verifyLoginCredentials" time="77.279"/>
  <system-out/>
</testsuite> <!-- com.qa.FacebookLoginValidation.LoginWithMultipleSetOfData -->
