<?xml version="1.0" encoding="UTF-8"?>
<!-- Generated by org.testng.reporters.JUnitReportReporter -->
<testsuite hostname="DESKTOP-HN0JOUI" failures="0" tests="1" name="com.qa.FacebookLoginValidation.LoginPageValidation" time="133.420" errors="0" timestamp="2022-09-17T11:25:42 IST" skipped="0">
  <testcase classname="com.qa.FacebookLoginValidation.LoginPageValidation" name="loginfail2" time="133.420"/>
  <system-out/>
</testsuite> <!-- com.qa.FacebookLoginValidation.LoginPageValidation -->
